
> app@0.1.0 build C:\Users\Jen_a\OneDrive\Documents\Projects\Digital Grimore\Digital-Grimoire\app
> next build --webpack

node.exe : [baseline-
browser-mapping] The 
data in this module 
is over two months 
old.  To ensure 
accurate Baseline 
data, please update: 
`npm i baseline-brows
er-mapping@latest -D`
At C:\Users\Jen_a\App
Data\Roaming\npm\pnpm
.ps1:24 char:5
+     & "node$exe"  "
$basedir/node_modules
/pnpm/bin/pnpm.cjs" 
$args
+     ~~~~~~~~~~~~~~~
~~~~~~~~~~~~~~~~~~~~~
~~~~~~~~~~~~~~~~~~~~~
~~~~
    + CategoryInfo   
           : NotSpe  
  cified: ([baseli   
 ne-brows...ping@    
latest -D`:Strin    
g) [], RemoteExc    
eption
    + FullyQualified 
   ErrorId : Native  
  CommandError
 
   Γû▓ Next.js 16.0.10 (webpack)
   - Environments: .env.local
   - Experiments (use with caution):
     ┬╖ optimizePackageImports

 ΓÜá The 
"middleware" file 
convention is 
deprecated. Please 
use "proxy" instead. 
Learn more: https://n
extjs.org/docs/messag
es/middleware-to-prox
y
   Creating an optimized production build ...
 Γ£ô Compiled successfully in 18.2s
   Running TypeScript ...
Failed to compile.

./src/lib/parallax/st
reaming.ts:13:10
Type error: Module '"
@/lib/usage-tracker"'
 has no exported 
member 'logParallaxQu
eryUsage'.

[0m [90m 11 |[39m 
[36mimport[39m { 
createClient } 
[36mfrom[39m [32m'
@/lib/supabase/server
'[39m[33m;[39m
 [90m 12 |[39m 
[36mimport[39m { 
recordQuery } 
[36mfrom[39m [32m'
./rate-limit'[39m[3
3m;[39m
[31m[1m>[22m[39m
[90m 13 |[39m 
[36mimport[39m { lo
gParallaxQueryUsage 
} [36mfrom[39m [32
m'@/lib/usage-tracker
'[39m[33m;[39m
 [90m    |[39m     
     
[31m[1m^[22m[39m
 [90m 14 |[39m
 [90m 15 |[39m 
[90m/**[39m
 [90m 16 |[39m 
[90m * Stream 
Parallax Engine 
response using 
Server-Sent Events 
(SSE)[39m[0m
Next.js build worker 
exited with code: 1 
and signal: null
ΓÇëELIFECYCLEΓÇë Command failed with exit code 1.
